
Initial deck: 350r Avenger Carrack Constellation Hawk Hornet Hurricane Idris m50 Merchantman Orion Sabre Vanguard 350r Avenger Carrack Constellation Hawk Hornet Hurricane Idris m50 Merchantman Orion Sabre Vanguard 350r Avenger Carrack Constellation Hawk Hornet Hurricane Idris m50 Merchantman Orion Sabre Vanguard Avenger 

shuffled deck: Vanguard Avenger Hornet Orion Hawk Idris Carrack Constellation Hawk Hurricane Orion Merchantman 350r Sabre m50 350r Avenger Constellation Hurricane m50 Carrack Merchantman Merchantman 350r Avenger Hornet Constellation Hawk Hornet Vanguard Idris Hurricane m50 Idris Sabre Avenger Sabre Vanguard Orion Carrack 

Players hands after cards have been allocated
You: Vanguard Orion Carrack Hurricane 350r 350r Hurricane Merchantman Avenger Hawk Idris Idris Sabre Carrack 
Player 1 (AI): Avenger Hawk Constellation Orion Sabre Avenger m50 Merchantman Hornet Hornet Hurricane Sabre Vanguard 
Player 2 (AI): Hornet Idris Hawk Merchantman m50 Constellation Carrack 350r Constellation Vanguard m50 Avenger Orion 
----------- Round 1 -----------
Cards in play
You: Vanguard: size 3 speed 4 range 5 firepower 5 cargo 2
Player 1: Avenger: size 2 speed 5 range 4 firepower 3 cargo 2
Player 2: Hornet: size 2 speed 5 range 3 firepower 4 cargo 1

You chose the catagory: size

You won the round.

Contents of communal pile after round: 

Players hands after cards have been allocated
You: Orion Carrack Hurricane 350r 350r Hurricane Merchantman Avenger Hawk Idris Idris Sabre Carrack Vanguard Avenger Hornet 
Player 1 (AI): Hawk Constellation Orion Sabre Avenger m50 Merchantman Hornet Hornet Hurricane Sabre Vanguard 
Player 2 (AI): Idris Hawk Merchantman m50 Constellation Carrack 350r Constellation Vanguard m50 Avenger Orion 
----------- Round 2 -----------
Cards in play
You: Orion: size 10 speed 1 range 6 firepower 2 cargo 9
Player 1: Hawk: size 1 speed 3 range 2 firepower 4 cargo 0
Player 2: Idris: size 8 speed 2 range 7 firepower 10 cargo 6

You chose the catagory: speed

Player 1 (AI) won the round.

Contents of communal pile after round: 

Players hands after cards have been allocated
You: Carrack Hurricane 350r 350r Hurricane Merchantman Avenger Hawk Idris Idris Sabre Carrack Vanguard Avenger Hornet 
Player 1 (AI): Constellation Orion Sabre Avenger m50 Merchantman Hornet Hornet Hurricane Sabre Vanguard Orion Hawk Idris 
Player 2 (AI): Hawk Merchantman m50 Constellation Carrack 350r Constellation Vanguard m50 Avenger Orion 
----------- Round 3 -----------
Cards in play
You: Carrack: size 6 speed 2 range 10 firepower 4 cargo 6
Player 1: Constellation: size 4 speed 5 range 7 firepower 3 cargo 4
Player 2: Hawk: size 1 speed 3 range 2 firepower 4 cargo 0

Player 1 (AI) chose the catagory: range

You won the round.

Contents of communal pile after round: 

Players hands after cards have been allocated
You: Hurricane 350r 350r Hurricane Merchantman Avenger Hawk Idris Idris Sabre Carrack Vanguard Avenger Hornet Carrack Constellation Hawk 
Player 1 (AI): Orion Sabre Avenger m50 Merchantman Hornet Hornet Hurricane Sabre Vanguard Orion Hawk Idris 
Player 2 (AI): Merchantman m50 Constellation Carrack 350r Constellation Vanguard m50 Avenger Orion 
----------- Round 4 -----------
Cards in play
You: Hurricane: size 2 speed 5 range 3 firepower 5 cargo 0
Player 1: Orion: size 10 speed 1 range 6 firepower 2 cargo 9
Player 2: Merchantman: size 7 speed 3 range 5 firepower 6 cargo 8

You chose the catagory: cargo

Player 1 (AI) won the round.

Contents of communal pile after round: 

Players hands after cards have been allocated
You: 350r 350r Hurricane Merchantman Avenger Hawk Idris Idris Sabre Carrack Vanguard Avenger Hornet Carrack Constellation Hawk 
Player 1 (AI): Sabre Avenger m50 Merchantman Hornet Hornet Hurricane Sabre Vanguard Orion Hawk Idris Hurricane Orion Merchantman 
Player 2 (AI): m50 Constellation Carrack 350r Constellation Vanguard m50 Avenger Orion 
----------- Round 5 -----------
Cards in play
You: 350r: size 1 speed 9 range 2 firepower 3 cargo 0
Player 1: Sabre: size 2 speed 7 range 2 firepower 5 cargo 0
Player 2: m50: size 1 speed 10 range 2 firepower 2 cargo 0

Player 1 (AI) chose the catagory: speed

Player 2 (AI) won the round.

Contents of communal pile after round: 

Players hands after cards have been allocated
You: 350r Hurricane Merchantman Avenger Hawk Idris Idris Sabre Carrack Vanguard Avenger Hornet Carrack Constellation Hawk 
Player 1 (AI): Avenger m50 Merchantman Hornet Hornet Hurricane Sabre Vanguard Orion Hawk Idris Hurricane Orion Merchantman 
Player 2 (AI): Constellation Carrack 350r Constellation Vanguard m50 Avenger Orion 350r Sabre m50 
----------- Round 6 -----------
Cards in play
You: 350r: size 1 speed 9 range 2 firepower 3 cargo 0
Player 1: Avenger: size 2 speed 5 range 4 firepower 3 cargo 2
Player 2: Constellation: size 4 speed 5 range 7 firepower 3 cargo 4

Player 2 (AI) chose the catagory: range

Player 2 (AI) won the round.

Contents of communal pile after round: 

Players hands after cards have been allocated
You: Hurricane Merchantman Avenger Hawk Idris Idris Sabre Carrack Vanguard Avenger Hornet Carrack Constellation Hawk 
Player 1 (AI): m50 Merchantman Hornet Hornet Hurricane Sabre Vanguard Orion Hawk Idris Hurricane Orion Merchantman 
Player 2 (AI): Carrack 350r Constellation Vanguard m50 Avenger Orion 350r Sabre m50 350r Avenger Constellation 
----------- Round 7 -----------
Cards in play
You: Hurricane: size 2 speed 5 range 3 firepower 5 cargo 0
Player 1: m50: size 1 speed 10 range 2 firepower 2 cargo 0
Player 2: Carrack: size 6 speed 2 range 10 firepower 4 cargo 6

Player 2 (AI) chose the catagory: range

Player 2 (AI) won the round.

Contents of communal pile after round: 

Players hands after cards have been allocated
You: Merchantman Avenger Hawk Idris Idris Sabre Carrack Vanguard Avenger Hornet Carrack Constellation Hawk 
Player 1 (AI): Merchantman Hornet Hornet Hurricane Sabre Vanguard Orion Hawk Idris Hurricane Orion Merchantman 
Player 2 (AI): 350r Constellation Vanguard m50 Avenger Orion 350r Sabre m50 350r Avenger Constellation Hurricane m50 Carrack 
----------- Round 8 -----------
Cards in play
You: Merchantman: size 7 speed 3 range 5 firepower 6 cargo 8
Player 1: Merchantman: size 7 speed 3 range 5 firepower 6 cargo 8
Player 2: 350r: size 1 speed 9 range 2 firepower 3 cargo 0

Player 2 (AI) chose the catagory: speed

Player 2 (AI) won the round.

Contents of communal pile after round: 

Players hands after cards have been allocated
You: Avenger Hawk Idris Idris Sabre Carrack Vanguard Avenger Hornet Carrack Constellation Hawk 
Player 1 (AI): Hornet Hornet Hurricane Sabre Vanguard Orion Hawk Idris Hurricane Orion Merchantman 
Player 2 (AI): Constellation Vanguard m50 Avenger Orion 350r Sabre m50 350r Avenger Constellation Hurricane m50 Carrack Merchantman Merchantman 350r 
----------- Round 9 -----------
Cards in play
You: Avenger: size 2 speed 5 range 4 firepower 3 cargo 2
Player 1: Hornet: size 2 speed 5 range 3 firepower 4 cargo 1
Player 2: Constellation: size 4 speed 5 range 7 firepower 3 cargo 4

Player 2 (AI) chose the catagory: range

Player 2 (AI) won the round.

Contents of communal pile after round: 

Players hands after cards have been allocated
You: Hawk Idris Idris Sabre Carrack Vanguard Avenger Hornet Carrack Constellation Hawk 
Player 1 (AI): Hornet Hurricane Sabre Vanguard Orion Hawk Idris Hurricane Orion Merchantman 
Player 2 (AI): Vanguard m50 Avenger Orion 350r Sabre m50 350r Avenger Constellation Hurricane m50 Carrack Merchantman Merchantman 350r Avenger Hornet Constellation 
----------- Round 10 -----------
Cards in play
You: Hawk: size 1 speed 3 range 2 firepower 4 cargo 0
Player 1: Hornet: size 2 speed 5 range 3 firepower 4 cargo 1
Player 2: Vanguard: size 3 speed 4 range 5 firepower 5 cargo 2

Player 2 (AI) chose the catagory: range

Player 2 (AI) won the round.

Contents of communal pile after round: 

Players hands after cards have been allocated
You: Idris Idris Sabre Carrack Vanguard Avenger Hornet Carrack Constellation Hawk 
Player 1 (AI): Hurricane Sabre Vanguard Orion Hawk Idris Hurricane Orion Merchantman 
Player 2 (AI): m50 Avenger Orion 350r Sabre m50 350r Avenger Constellation Hurricane m50 Carrack Merchantman Merchantman 350r Avenger Hornet Constellation Hawk Hornet Vanguard 
----------- Round 11 -----------
Cards in play
You: Idris: size 8 speed 2 range 7 firepower 10 cargo 6
Player 1: Hurricane: size 2 speed 5 range 3 firepower 5 cargo 0
Player 2: m50: size 1 speed 10 range 2 firepower 2 cargo 0

Player 2 (AI) chose the catagory: speed

Player 2 (AI) won the round.

Contents of communal pile after round: 

Players hands after cards have been allocated
You: Idris Sabre Carrack Vanguard Avenger Hornet Carrack Constellation Hawk 
Player 1 (AI): Sabre Vanguard Orion Hawk Idris Hurricane Orion Merchantman 
Player 2 (AI): Avenger Orion 350r Sabre m50 350r Avenger Constellation Hurricane m50 Carrack Merchantman Merchantman 350r Avenger Hornet Constellation Hawk Hornet Vanguard Idris Hurricane m50 
----------- Round 12 -----------
Cards in play
You: Idris: size 8 speed 2 range 7 firepower 10 cargo 6
Player 1: Sabre: size 2 speed 7 range 2 firepower 5 cargo 0
Player 2: Avenger: size 2 speed 5 range 4 firepower 3 cargo 2

Player 2 (AI) chose the catagory: speed

Player 1 (AI) won the round.

Contents of communal pile after round: 

Players hands after cards have been allocated
You: Sabre Carrack Vanguard Avenger Hornet Carrack Constellation Hawk 
Player 1 (AI): Vanguard Orion Hawk Idris Hurricane Orion Merchantman Idris Sabre Avenger 
Player 2 (AI): Orion 350r Sabre m50 350r Avenger Constellation Hurricane m50 Carrack Merchantman Merchantman 350r Avenger Hornet Constellation Hawk Hornet Vanguard Idris Hurricane m50 
----------- Round 13 -----------
Cards in play
You: Sabre: size 2 speed 7 range 2 firepower 5 cargo 0
Player 1: Vanguard: size 3 speed 4 range 5 firepower 5 cargo 2
Player 2: Orion: size 10 speed 1 range 6 firepower 2 cargo 9

Player 1 (AI) chose the catagory: range

Player 2 (AI) won the round.

Contents of communal pile after round: 

Players hands after cards have been allocated
You: Carrack Vanguard Avenger Hornet Carrack Constellation Hawk 
Player 1 (AI): Orion Hawk Idris Hurricane Orion Merchantman Idris Sabre Avenger 
Player 2 (AI): 350r Sabre m50 350r Avenger Constellation Hurricane m50 Carrack Merchantman Merchantman 350r Avenger Hornet Constellation Hawk Hornet Vanguard Idris Hurricane m50 Sabre Vanguard Orion 
----------- Round 14 -----------
Cards in play
You: Carrack: size 6 speed 2 range 10 firepower 4 cargo 6
Player 1: Orion: size 10 speed 1 range 6 firepower 2 cargo 9
Player 2: 350r: size 1 speed 9 range 2 firepower 3 cargo 0

Player 2 (AI) chose the catagory: speed

Player 2 (AI) won the round.

Contents of communal pile after round: 

Players hands after cards have been allocated
You: Vanguard Avenger Hornet Carrack Constellation Hawk 
Player 1 (AI): Hawk Idris Hurricane Orion Merchantman Idris Sabre Avenger 
Player 2 (AI): Sabre m50 350r Avenger Constellation Hurricane m50 Carrack Merchantman Merchantman 350r Avenger Hornet Constellation Hawk Hornet Vanguard Idris Hurricane m50 Sabre Vanguard Orion Carrack Orion 350r 
----------- Round 15 -----------
Cards in play
You: Vanguard: size 3 speed 4 range 5 firepower 5 cargo 2
Player 1: Hawk: size 1 speed 3 range 2 firepower 4 cargo 0
Player 2: Sabre: size 2 speed 7 range 2 firepower 5 cargo 0

Player 2 (AI) chose the catagory: speed

Player 2 (AI) won the round.

Contents of communal pile after round: 

Players hands after cards have been allocated
You: Avenger Hornet Carrack Constellation Hawk 
Player 1 (AI): Idris Hurricane Orion Merchantman Idris Sabre Avenger 
Player 2 (AI): m50 350r Avenger Constellation Hurricane m50 Carrack Merchantman Merchantman 350r Avenger Hornet Constellation Hawk Hornet Vanguard Idris Hurricane m50 Sabre Vanguard Orion Carrack Orion 350r Vanguard Hawk Sabre 
----------- Round 16 -----------
Cards in play
You: Avenger: size 2 speed 5 range 4 firepower 3 cargo 2
Player 1: Idris: size 8 speed 2 range 7 firepower 10 cargo 6
Player 2: m50: size 1 speed 10 range 2 firepower 2 cargo 0

Player 2 (AI) chose the catagory: speed

Player 2 (AI) won the round.

Contents of communal pile after round: 

Players hands after cards have been allocated
You: Hornet Carrack Constellation Hawk 
Player 1 (AI): Hurricane Orion Merchantman Idris Sabre Avenger 
Player 2 (AI): 350r Avenger Constellation Hurricane m50 Carrack Merchantman Merchantman 350r Avenger Hornet Constellation Hawk Hornet Vanguard Idris Hurricane m50 Sabre Vanguard Orion Carrack Orion 350r Vanguard Hawk Sabre Avenger Idris m50 
----------- Round 17 -----------
Cards in play
You: Hornet: size 2 speed 5 range 3 firepower 4 cargo 1
Player 1: Hurricane: size 2 speed 5 range 3 firepower 5 cargo 0
Player 2: 350r: size 1 speed 9 range 2 firepower 3 cargo 0

Player 2 (AI) chose the catagory: speed

Player 2 (AI) won the round.

Contents of communal pile after round: 

Players hands after cards have been allocated
You: Carrack Constellation Hawk 
Player 1 (AI): Orion Merchantman Idris Sabre Avenger 
Player 2 (AI): Avenger Constellation Hurricane m50 Carrack Merchantman Merchantman 350r Avenger Hornet Constellation Hawk Hornet Vanguard Idris Hurricane m50 Sabre Vanguard Orion Carrack Orion 350r Vanguard Hawk Sabre Avenger Idris m50 Hornet Hurricane 350r 
----------- Round 18 -----------
Cards in play
You: Carrack: size 6 speed 2 range 10 firepower 4 cargo 6
Player 1: Orion: size 10 speed 1 range 6 firepower 2 cargo 9
Player 2: Avenger: size 2 speed 5 range 4 firepower 3 cargo 2

Player 2 (AI) chose the catagory: speed

Player 2 (AI) won the round.

Contents of communal pile after round: 

Players hands after cards have been allocated
You: Constellation Hawk 
Player 1 (AI): Merchantman Idris Sabre Avenger 
Player 2 (AI): Constellation Hurricane m50 Carrack Merchantman Merchantman 350r Avenger Hornet Constellation Hawk Hornet Vanguard Idris Hurricane m50 Sabre Vanguard Orion Carrack Orion 350r Vanguard Hawk Sabre Avenger Idris m50 Hornet Hurricane 350r Carrack Orion Avenger 
----------- Round 19 -----------
Cards in play
You: Constellation: size 4 speed 5 range 7 firepower 3 cargo 4
Player 1: Merchantman: size 7 speed 3 range 5 firepower 6 cargo 8
Player 2: Constellation: size 4 speed 5 range 7 firepower 3 cargo 4

Player 2 (AI) chose the catagory: range

The round was a draw.

Contents of communal pile after round: Constellation Merchantman Constellation 

Players hands after cards have been allocated
You: Hawk 
Player 1 (AI): Idris Sabre Avenger 
Player 2 (AI): Hurricane m50 Carrack Merchantman Merchantman 350r Avenger Hornet Constellation Hawk Hornet Vanguard Idris Hurricane m50 Sabre Vanguard Orion Carrack Orion 350r Vanguard Hawk Sabre Avenger Idris m50 Hornet Hurricane 350r Carrack Orion Avenger 
----------- Round 20 -----------
Cards in play
You: Hawk: size 1 speed 3 range 2 firepower 4 cargo 0
Player 1: Idris: size 8 speed 2 range 7 firepower 10 cargo 6
Player 2: Hurricane: size 2 speed 5 range 3 firepower 5 cargo 0

Player 2 (AI) chose the catagory: speed

Player 2 (AI) won the round.

Contents of communal pile after round: 

Players hands after cards have been allocated
You: 
Player 1 (AI): Sabre Avenger 
Player 2 (AI): m50 Carrack Merchantman Merchantman 350r Avenger Hornet Constellation Hawk Hornet Vanguard Idris Hurricane m50 Sabre Vanguard Orion Carrack Orion 350r Vanguard Hawk Sabre Avenger Idris m50 Hornet Hurricane 350r Carrack Orion Avenger Hawk Idris Hurricane Constellation Merchantman Constellation 
----------- Round 21 -----------
Cards in play
Player 1: Sabre: size 2 speed 7 range 2 firepower 5 cargo 0
Player 2: m50: size 1 speed 10 range 2 firepower 2 cargo 0

Player 2 (AI) chose the catagory: speed

Player 2 (AI) won the round.

Contents of communal pile after round: 

Players hands after cards have been allocated
Player 1 (AI): Avenger 
Player 2 (AI): Carrack Merchantman Merchantman 350r Avenger Hornet Constellation Hawk Hornet Vanguard Idris Hurricane m50 Sabre Vanguard Orion Carrack Orion 350r Vanguard Hawk Sabre Avenger Idris m50 Hornet Hurricane 350r Carrack Orion Avenger Hawk Idris Hurricane Constellation Merchantman Constellation Sabre m50 
----------- Round 22 -----------
Cards in play
Player 1: Avenger: size 2 speed 5 range 4 firepower 3 cargo 2
Player 2: Carrack: size 6 speed 2 range 10 firepower 4 cargo 6

Player 2 (AI) chose the catagory: range

Player 2 (AI) won the round.

Contents of communal pile after round: 

Players hands after cards have been allocated
Player 1 (AI): 
Player 2 (AI): Merchantman Merchantman 350r Avenger Hornet Constellation Hawk Hornet Vanguard Idris Hurricane m50 Sabre Vanguard Orion Carrack Orion 350r Vanguard Hawk Sabre Avenger Idris m50 Hornet Hurricane 350r Carrack Orion Avenger Hawk Idris Hurricane Constellation Merchantman Constellation Sabre m50 Avenger Carrack 

Player 2 (AI) won the game
